Base path: C:/Program Files/Unity/Hub/Editor/2018.3.14f1/Editor/Data
Cmd: initializeCompiler
Cmd: compileComputeKernel
  api=4 insize=2059 outsize=1517 ok=1
Cmd: compileComputeKernel
  api=4 insize=1176 outsize=821 ok=1
Cmd: compileComputeKernel
  api=4 insize=4855 outsize=5437 ok=1
Cmd: compileComputeKernel
  api=4 insize=3396 outsize=2581 ok=1
Cmd: compileComputeKernel
  api=4 insize=18299 outsize=8781 ok=1
Cmd: compileComputeKernel
  api=4 insize=18299 outsize=10549 ok=1
Cmd: compileComputeKernel
  api=4 insize=1454 outsize=597 ok=1
Cmd: compileComputeKernel
  api=4 insize=2044 outsize=1033 ok=1
Cmd: initializeCompiler

Quitting shader compiler process
